mode: atomic
github.com/jtblin/kube2iam/server/server.go:103.49,106.2 2 0
github.com/jtblin/kube2iam/server/server.go:108.63,110.2 1 0
github.com/jtblin/kube2iam/server/server.go:114.72,126.33 4 0
github.com/jtblin/kube2iam/server/server.go:126.33,128.3 1 0
github.com/jtblin/kube2iam/server/server.go:129.2,131.15 2 0
github.com/jtblin/kube2iam/server/server.go:131.15,133.35 2 0
github.com/jtblin/kube2iam/server/server.go:133.35,134.27 1 0
github.com/jtblin/kube2iam/server/server.go:135.16,136.24 1 0
github.com/jtblin/kube2iam/server/server.go:137.15,138.12 1 0
github.com/jtblin/kube2iam/server/server.go:139.12,140.38 1 0
github.com/jtblin/kube2iam/server/server.go:142.4,144.62 2 0
github.com/jtblin/kube2iam/server/server.go:147.2,150.30 4 0
github.com/jtblin/kube2iam/server/server.go:150.30,153.3 1 0
github.com/jtblin/kube2iam/server/server.go:156.64,159.2 2 0
github.com/jtblin/kube2iam/server/server.go:161.42,163.12 2 17
github.com/jtblin/kube2iam/server/server.go:163.12,165.3 1 3
github.com/jtblin/kube2iam/server/server.go:166.2,167.34 2 14
github.com/jtblin/kube2iam/server/server.go:167.34,169.3 1 1
github.com/jtblin/kube2iam/server/server.go:170.2,170.17 1 13
github.com/jtblin/kube2iam/server/server.go:173.81,176.28 3 11
github.com/jtblin/kube2iam/server/server.go:176.28,179.3 2 21
github.com/jtblin/kube2iam/server/server.go:181.2,186.16 5 11
github.com/jtblin/kube2iam/server/server.go:186.16,188.3 1 3
github.com/jtblin/kube2iam/server/server.go:190.2,190.25 1 8
github.com/jtblin/kube2iam/server/server.go:193.66,196.28 3 5
github.com/jtblin/kube2iam/server/server.go:196.28,199.3 2 5
github.com/jtblin/kube2iam/server/server.go:201.2,206.16 5 5
github.com/jtblin/kube2iam/server/server.go:206.16,208.3 1 0
github.com/jtblin/kube2iam/server/server.go:210.2,210.24 1 5
github.com/jtblin/kube2iam/server/server.go:213.63,214.32 1 0
github.com/jtblin/kube2iam/server/server.go:214.32,217.13 3 0
github.com/jtblin/kube2iam/server/server.go:217.13,218.8 1 0
github.com/jtblin/kube2iam/server/server.go:218.8,221.5 2 0
github.com/jtblin/kube2iam/server/server.go:226.34,234.15 3 3
github.com/jtblin/kube2iam/server/server.go:234.15,237.36 3 3
github.com/jtblin/kube2iam/server/server.go:237.36,239.4 1 1
github.com/jtblin/kube2iam/server/server.go:240.3,240.51 1 3
github.com/jtblin/kube2iam/server/server.go:243.2,244.16 2 3
github.com/jtblin/kube2iam/server/server.go:244.16,248.3 3 1
github.com/jtblin/kube2iam/server/server.go:250.2,250.35 1 2
github.com/jtblin/kube2iam/server/server.go:259.91,264.38 1 2
github.com/jtblin/kube2iam/server/server.go:264.38,267.3 2 1
github.com/jtblin/kube2iam/server/server.go:269.2,271.58 3 1
github.com/jtblin/kube2iam/server/server.go:271.58,274.3 2 0
github.com/jtblin/kube2iam/server/server.go:277.95,279.16 2 1
github.com/jtblin/kube2iam/server/server.go:279.16,283.3 3 0
github.com/jtblin/kube2iam/server/server.go:285.2,285.29 1 1
github.com/jtblin/kube2iam/server/server.go:288.104,292.16 4 4
github.com/jtblin/kube2iam/server/server.go:292.16,295.3 2 1
github.com/jtblin/kube2iam/server/server.go:299.2,299.79 1 3
github.com/jtblin/kube2iam/server/server.go:299.79,302.3 2 2
github.com/jtblin/kube2iam/server/server.go:303.2,303.36 1 1
github.com/jtblin/kube2iam/server/server.go:306.89,311.16 4 7
github.com/jtblin/kube2iam/server/server.go:311.16,314.3 2 2
github.com/jtblin/kube2iam/server/server.go:316.2,317.16 2 5
github.com/jtblin/kube2iam/server/server.go:317.16,320.3 2 0
github.com/jtblin/kube2iam/server/server.go:322.2,330.39 4 5
github.com/jtblin/kube2iam/server/server.go:330.39,335.3 3 1
github.com/jtblin/kube2iam/server/server.go:337.2,338.16 2 4
github.com/jtblin/kube2iam/server/server.go:338.16,342.3 3 1
github.com/jtblin/kube2iam/server/server.go:343.2,345.63 2 3
github.com/jtblin/kube2iam/server/server.go:345.63,348.3 2 0
github.com/jtblin/kube2iam/server/server.go:351.97,355.125 2 3
github.com/jtblin/kube2iam/server/server.go:355.125,357.3 1 2
github.com/jtblin/kube2iam/server/server.go:359.2,361.89 3 3
github.com/jtblin/kube2iam/server/server.go:364.64,365.46 1 4
github.com/jtblin/kube2iam/server/server.go:365.46,367.3 1 0
github.com/jtblin/kube2iam/server/server.go:371.73,373.16 2 0
github.com/jtblin/kube2iam/server/server.go:373.16,375.3 1 0
github.com/jtblin/kube2iam/server/server.go:376.2,385.59 9 0
github.com/jtblin/kube2iam/server/server.go:385.59,387.3 1 0
github.com/jtblin/kube2iam/server/server.go:389.2,389.13 1 0
github.com/jtblin/kube2iam/server/server.go:389.13,391.3 1 0
github.com/jtblin/kube2iam/server/server.go:391.8,393.3 1 0
github.com/jtblin/kube2iam/server/server.go:396.2,401.13 4 0
github.com/jtblin/kube2iam/server/server.go:401.13,404.3 1 0
github.com/jtblin/kube2iam/server/server.go:405.2,412.32 5 0
github.com/jtblin/kube2iam/server/server.go:412.32,414.3 1 0
github.com/jtblin/kube2iam/server/server.go:414.8,416.3 1 0
github.com/jtblin/kube2iam/server/server.go:419.2,422.62 3 0
github.com/jtblin/kube2iam/server/server.go:422.62,424.3 1 0
github.com/jtblin/kube2iam/server/server.go:425.2,425.12 1 0
github.com/jtblin/kube2iam/server/server.go:429.26,447.2 1 20
